0 info it worked if it ends with ok
1 verbose cli [ '/usr/bin/nodejs', '/usr/bin/npm', 'install', 'tsconfig-paths' ]
2 info using npm@3.5.2
3 info using node@v4.2.6
4 silly loadCurrentTree Starting
5 silly install loadCurrentTree
6 silly install readLocalPackageData
7 silly fetchPackageMetaData tsconfig-paths
8 silly fetchNamedPackageData tsconfig-paths
9 silly mapToRegistry name tsconfig-paths
10 silly mapToRegistry using default registry
11 silly mapToRegistry registry https://registry.npmjs.org/
12 silly mapToRegistry uri https://registry.npmjs.org/tsconfig-paths
13 verbose request uri https://registry.npmjs.org/tsconfig-paths
14 verbose request no auth needed
15 info attempt registry request try #1 at 9:52:19 PM
16 verbose request id d248b12f8b35c153
17 http request GET https://registry.npmjs.org/tsconfig-paths
18 http 200 https://registry.npmjs.org/tsconfig-paths
19 verbose headers { date: 'Mon, 07 Oct 2019 14:52:24 GMT',
19 verbose headers   'content-type': 'application/json',
19 verbose headers   'transfer-encoding': 'chunked',
19 verbose headers   connection: 'keep-alive',
19 verbose headers   'set-cookie': [ '__cfduid=d38141c08a7d6a8fe060fac6d8fd9ae981570459944; expires=Tue, 06-Oct-20 14:52:24 GMT; path=/; domain=.npmjs.org; HttpOnly' ],
19 verbose headers   'cf-cache-status': 'HIT',
19 verbose headers   'cache-control': 'max-age=300',
19 verbose headers   'cf-ray': '5220b2dc7886852a-HKG',
19 verbose headers   age: '1228',
19 verbose headers   etag: 'W/"5bb9e9549fada1d093afc8ec73f0bd2e"',
19 verbose headers   'expect-ct': 'max-age=604800, report-uri="https://report-uri.cloudflare.com/cdn-cgi/beacon/expect-ct"',
19 verbose headers   'last-modified': 'Thu, 12 Sep 2019 20:17:52 GMT',
19 verbose headers   vary: 'accept-encoding, accept',
19 verbose headers   'x-amz-meta-rev': '47-f529d3c7bc283dac8f3a122c7e293f0b',
19 verbose headers   server: 'cloudflare',
19 verbose headers   'content-encoding': 'gzip' }
20 silly get cb [ 200,
20 silly get   { date: 'Mon, 07 Oct 2019 14:52:24 GMT',
20 silly get     'content-type': 'application/json',
20 silly get     'transfer-encoding': 'chunked',
20 silly get     connection: 'keep-alive',
20 silly get     'set-cookie': [ '__cfduid=d38141c08a7d6a8fe060fac6d8fd9ae981570459944; expires=Tue, 06-Oct-20 14:52:24 GMT; path=/; domain=.npmjs.org; HttpOnly' ],
20 silly get     'cf-cache-status': 'HIT',
20 silly get     'cache-control': 'max-age=300',
20 silly get     'cf-ray': '5220b2dc7886852a-HKG',
20 silly get     age: '1228',
20 silly get     etag: 'W/"5bb9e9549fada1d093afc8ec73f0bd2e"',
20 silly get     'expect-ct': 'max-age=604800, report-uri="https://report-uri.cloudflare.com/cdn-cgi/beacon/expect-ct"',
20 silly get     'last-modified': 'Thu, 12 Sep 2019 20:17:52 GMT',
20 silly get     vary: 'accept-encoding, accept',
20 silly get     'x-amz-meta-rev': '47-f529d3c7bc283dac8f3a122c7e293f0b',
20 silly get     server: 'cloudflare',
20 silly get     'content-encoding': 'gzip' } ]
21 verbose get saving tsconfig-paths to /home/haict/.npm/registry.npmjs.org/tsconfig-paths/.cache.json
22 silly install normalizeTree
23 silly loadCurrentTree Finishing
24 silly loadIdealTree Starting
25 silly install loadIdealTree
26 silly cloneCurrentTree Starting
27 silly install cloneCurrentTreeToIdealTree
28 silly cloneCurrentTree Finishing
29 silly loadShrinkwrap Starting
30 silly install loadShrinkwrap
31 silly loadShrinkwrap Finishing
32 silly loadAllDepsIntoIdealTree Starting
33 silly install loadAllDepsIntoIdealTree
34 silly resolveWithNewModule tsconfig-paths@3.9.0 checking installable status
35 silly cache add args [ 'tsconfig-paths', null ]
36 verbose cache add spec tsconfig-paths
37 silly cache add parsed spec Result {
37 silly cache add   raw: 'tsconfig-paths',
37 silly cache add   scope: null,
37 silly cache add   name: 'tsconfig-paths',
37 silly cache add   rawSpec: '',
37 silly cache add   spec: 'latest',
37 silly cache add   type: 'tag' }
38 silly addNamed tsconfig-paths@latest
39 verbose addNamed "latest" is being treated as a dist-tag for tsconfig-paths
40 info addNameTag [ 'tsconfig-paths', 'latest' ]
41 silly mapToRegistry name tsconfig-paths
42 silly mapToRegistry using default registry
43 silly mapToRegistry registry https://registry.npmjs.org/
44 silly mapToRegistry uri https://registry.npmjs.org/tsconfig-paths
45 verbose addNameTag registry:https://registry.npmjs.org/tsconfig-paths not in flight; fetching
46 verbose get https://registry.npmjs.org/tsconfig-paths not expired, no request
47 silly addNameTag next cb for tsconfig-paths with tag latest
48 silly addNamed tsconfig-paths@3.9.0
49 verbose addNamed "3.9.0" is a plain semver version for tsconfig-paths
50 silly mapToRegistry name tsconfig-paths
51 silly mapToRegistry using default registry
52 silly mapToRegistry registry https://registry.npmjs.org/
53 silly mapToRegistry uri https://registry.npmjs.org/tsconfig-paths
54 verbose addRemoteTarball https://registry.npmjs.org/tsconfig-paths/-/tsconfig-paths-3.9.0.tgz not in flight; adding
55 verbose addRemoteTarball [ 'https://registry.npmjs.org/tsconfig-paths/-/tsconfig-paths-3.9.0.tgz',
55 verbose addRemoteTarball   '098547a6c4448807e8fcb8eae081064ee9a3c90b' ]
56 info retry fetch attempt 1 at 9:52:19 PM
57 info attempt registry request try #1 at 9:52:19 PM
58 http fetch GET https://registry.npmjs.org/tsconfig-paths/-/tsconfig-paths-3.9.0.tgz
59 http fetch 200 https://registry.npmjs.org/tsconfig-paths/-/tsconfig-paths-3.9.0.tgz
60 silly fetchAndShaCheck shasum 098547a6c4448807e8fcb8eae081064ee9a3c90b
61 verbose addTmpTarball /tmp/npm-1303-500f501f/registry.npmjs.org/tsconfig-paths/-/tsconfig-paths-3.9.0.tgz not in flight; adding
62 verbose addTmpTarball already have metadata; skipping unpack for tsconfig-paths@3.9.0
63 silly cache afterAdd tsconfig-paths@3.9.0
64 verbose afterAdd /home/haict/.npm/tsconfig-paths/3.9.0/package/package.json not in flight; writing
65 verbose afterAdd /home/haict/.npm/tsconfig-paths/3.9.0/package/package.json written
66 silly fetchNamedPackageData @types/json5
67 silly mapToRegistry name @types/json5
68 silly mapToRegistry scope (from package name) @types
69 verbose mapToRegistry no registry URL found in name for scope @types
70 silly mapToRegistry using default registry
71 silly mapToRegistry registry https://registry.npmjs.org/
72 silly mapToRegistry uri https://registry.npmjs.org/@types%2fjson5
73 silly fetchNamedPackageData json5
74 silly mapToRegistry name json5
75 silly mapToRegistry using default registry
76 silly mapToRegistry registry https://registry.npmjs.org/
77 silly mapToRegistry uri https://registry.npmjs.org/json5
78 silly fetchNamedPackageData minimist
79 silly mapToRegistry name minimist
80 silly mapToRegistry using default registry
81 silly mapToRegistry registry https://registry.npmjs.org/
82 silly mapToRegistry uri https://registry.npmjs.org/minimist
83 silly fetchNamedPackageData strip-bom
84 silly mapToRegistry name strip-bom
85 silly mapToRegistry using default registry
86 silly mapToRegistry registry https://registry.npmjs.org/
87 silly mapToRegistry uri https://registry.npmjs.org/strip-bom
88 verbose request uri https://registry.npmjs.org/@types%2fjson5
89 verbose request no auth needed
90 info attempt registry request try #1 at 9:52:20 PM
91 http request GET https://registry.npmjs.org/@types%2fjson5
92 verbose request uri https://registry.npmjs.org/json5
93 verbose request no auth needed
94 info attempt registry request try #1 at 9:52:20 PM
95 http request GET https://registry.npmjs.org/json5
96 verbose request uri https://registry.npmjs.org/minimist
97 verbose request no auth needed
98 info attempt registry request try #1 at 9:52:20 PM
99 http request GET https://registry.npmjs.org/minimist
100 verbose request uri https://registry.npmjs.org/strip-bom
101 verbose request no auth needed
102 info attempt registry request try #1 at 9:52:20 PM
103 http request GET https://registry.npmjs.org/strip-bom
104 http 200 https://registry.npmjs.org/json5
105 verbose headers { date: 'Mon, 07 Oct 2019 14:52:25 GMT',
105 verbose headers   'content-type': 'application/json',
105 verbose headers   'transfer-encoding': 'chunked',
105 verbose headers   connection: 'keep-alive',
105 verbose headers   'set-cookie': [ '__cfduid=d66976e0174121094a1028cd4b68bf1ea1570459945; expires=Tue, 06-Oct-20 14:52:25 GMT; path=/; domain=.npmjs.org; HttpOnly' ],
105 verbose headers   'cf-cache-status': 'HIT',
105 verbose headers   'cache-control': 'max-age=300',
105 verbose headers   'cf-ray': '5220b2e0eb87a294-HKG',
105 verbose headers   age: '1153',
105 verbose headers   etag: 'W/"22926d1bcb05e9d5347ffcf324fe11a9"',
105 verbose headers   'expect-ct': 'max-age=604800, report-uri="https://report-uri.cloudflare.com/cdn-cgi/beacon/expect-ct"',
105 verbose headers   'last-modified': 'Wed, 02 Oct 2019 20:50:39 GMT',
105 verbose headers   vary: 'accept-encoding, accept',
105 verbose headers   'x-amz-meta-rev': '58-b32e2af4c0b41726c6d9bf6785d64139',
105 verbose headers   server: 'cloudflare',
105 verbose headers   'content-encoding': 'gzip' }
106 silly get cb [ 200,
106 silly get   { date: 'Mon, 07 Oct 2019 14:52:25 GMT',
106 silly get     'content-type': 'application/json',
106 silly get     'transfer-encoding': 'chunked',
106 silly get     connection: 'keep-alive',
106 silly get     'set-cookie': [ '__cfduid=d66976e0174121094a1028cd4b68bf1ea1570459945; expires=Tue, 06-Oct-20 14:52:25 GMT; path=/; domain=.npmjs.org; HttpOnly' ],
106 silly get     'cf-cache-status': 'HIT',
106 silly get     'cache-control': 'max-age=300',
106 silly get     'cf-ray': '5220b2e0eb87a294-HKG',
106 silly get     age: '1153',
106 silly get     etag: 'W/"22926d1bcb05e9d5347ffcf324fe11a9"',
106 silly get     'expect-ct': 'max-age=604800, report-uri="https://report-uri.cloudflare.com/cdn-cgi/beacon/expect-ct"',
106 silly get     'last-modified': 'Wed, 02 Oct 2019 20:50:39 GMT',
106 silly get     vary: 'accept-encoding, accept',
106 silly get     'x-amz-meta-rev': '58-b32e2af4c0b41726c6d9bf6785d64139',
106 silly get     server: 'cloudflare',
106 silly get     'content-encoding': 'gzip' } ]
107 verbose get saving json5 to /home/haict/.npm/registry.npmjs.org/json5/.cache.json
108 http 200 https://registry.npmjs.org/minimist
109 verbose headers { date: 'Mon, 07 Oct 2019 14:52:25 GMT',
109 verbose headers   'content-type': 'application/json',
109 verbose headers   'transfer-encoding': 'chunked',
109 verbose headers   connection: 'keep-alive',
109 verbose headers   'set-cookie': [ '__cfduid=d33a6a60d687e10dc8bde0f1de37c92301570459945; expires=Tue, 06-Oct-20 14:52:25 GMT; path=/; domain=.npmjs.org; HttpOnly' ],
109 verbose headers   'cf-cache-status': 'HIT',
109 verbose headers   'cache-control': 'max-age=300',
109 verbose headers   'cf-ray': '5220b2e0ebd9d95e-HKG',
109 verbose headers   age: '1296',
109 verbose headers   etag: 'W/"81c2eaf8bba19c1bd6131ba9e932902f"',
109 verbose headers   'expect-ct': 'max-age=604800, report-uri="https://report-uri.cloudflare.com/cdn-cgi/beacon/expect-ct"',
109 verbose headers   'last-modified': 'Sun, 11 Aug 2019 09:03:19 GMT',
109 verbose headers   vary: 'accept-encoding, accept',
109 verbose headers   'x-amz-meta-rev': '556-0b46c7e5ddb425eaa10933534034f053',
109 verbose headers   server: 'cloudflare',
109 verbose headers   'content-encoding': 'gzip' }
110 silly get cb [ 200,
110 silly get   { date: 'Mon, 07 Oct 2019 14:52:25 GMT',
110 silly get     'content-type': 'application/json',
110 silly get     'transfer-encoding': 'chunked',
110 silly get     connection: 'keep-alive',
110 silly get     'set-cookie': [ '__cfduid=d33a6a60d687e10dc8bde0f1de37c92301570459945; expires=Tue, 06-Oct-20 14:52:25 GMT; path=/; domain=.npmjs.org; HttpOnly' ],
110 silly get     'cf-cache-status': 'HIT',
110 silly get     'cache-control': 'max-age=300',
110 silly get     'cf-ray': '5220b2e0ebd9d95e-HKG',
110 silly get     age: '1296',
110 silly get     etag: 'W/"81c2eaf8bba19c1bd6131ba9e932902f"',
110 silly get     'expect-ct': 'max-age=604800, report-uri="https://report-uri.cloudflare.com/cdn-cgi/beacon/expect-ct"',
110 silly get     'last-modified': 'Sun, 11 Aug 2019 09:03:19 GMT',
110 silly get     vary: 'accept-encoding, accept',
110 silly get     'x-amz-meta-rev': '556-0b46c7e5ddb425eaa10933534034f053',
110 silly get     server: 'cloudflare',
110 silly get     'content-encoding': 'gzip' } ]
111 verbose get saving minimist to /home/haict/.npm/registry.npmjs.org/minimist/.cache.json
112 http 200 https://registry.npmjs.org/@types%2fjson5
113 verbose headers { date: 'Mon, 07 Oct 2019 14:52:25 GMT',
113 verbose headers   'content-type': 'application/json',
113 verbose headers   'transfer-encoding': 'chunked',
113 verbose headers   connection: 'keep-alive',
113 verbose headers   'set-cookie': [ '__cfduid=d3a7eebf895b09756b0f21fcac75b1fc01570459945; expires=Tue, 06-Oct-20 14:52:25 GMT; path=/; domain=.npmjs.org; HttpOnly' ],
113 verbose headers   'cf-cache-status': 'HIT',
113 verbose headers   'cache-control': 'public, max-age=300',
113 verbose headers   'cf-ray': '5220b2e0dc1da2d0-HKG',
113 verbose headers   age: '1219',
113 verbose headers   etag: 'W/"d2e6d35c100eda0fc8e40efc4243b712"',
113 verbose headers   'expect-ct': 'max-age=604800, report-uri="https://report-uri.cloudflare.com/cdn-cgi/beacon/expect-ct"',
113 verbose headers   'last-modified': 'Tue, 03 Sep 2019 17:44:59 GMT',
113 verbose headers   vary: 'Accept-Encoding',
113 verbose headers   'x-amz-meta-rev': '294-76da21c4fef0836155392d99604d976c',
113 verbose headers   server: 'cloudflare',
113 verbose headers   'content-encoding': 'gzip' }
114 silly get cb [ 200,
114 silly get   { date: 'Mon, 07 Oct 2019 14:52:25 GMT',
114 silly get     'content-type': 'application/json',
114 silly get     'transfer-encoding': 'chunked',
114 silly get     connection: 'keep-alive',
114 silly get     'set-cookie': [ '__cfduid=d3a7eebf895b09756b0f21fcac75b1fc01570459945; expires=Tue, 06-Oct-20 14:52:25 GMT; path=/; domain=.npmjs.org; HttpOnly' ],
114 silly get     'cf-cache-status': 'HIT',
114 silly get     'cache-control': 'public, max-age=300',
114 silly get     'cf-ray': '5220b2e0dc1da2d0-HKG',
114 silly get     age: '1219',
114 silly get     etag: 'W/"d2e6d35c100eda0fc8e40efc4243b712"',
114 silly get     'expect-ct': 'max-age=604800, report-uri="https://report-uri.cloudflare.com/cdn-cgi/beacon/expect-ct"',
114 silly get     'last-modified': 'Tue, 03 Sep 2019 17:44:59 GMT',
114 silly get     vary: 'Accept-Encoding',
114 silly get     'x-amz-meta-rev': '294-76da21c4fef0836155392d99604d976c',
114 silly get     server: 'cloudflare',
114 silly get     'content-encoding': 'gzip' } ]
115 verbose get saving @types/json5 to /home/haict/.npm/registry.npmjs.org/_40types_252fjson5/.cache.json
116 http 200 https://registry.npmjs.org/strip-bom
117 verbose headers { date: 'Mon, 07 Oct 2019 14:52:25 GMT',
117 verbose headers   'content-type': 'application/json',
117 verbose headers   'transfer-encoding': 'chunked',
117 verbose headers   connection: 'keep-alive',
117 verbose headers   'set-cookie': [ '__cfduid=df5a5cf0047bb016267b345dc211f66df1570459945; expires=Tue, 06-Oct-20 14:52:25 GMT; path=/; domain=.npmjs.org; HttpOnly' ],
117 verbose headers   'cf-cache-status': 'HIT',
117 verbose headers   'cache-control': 'max-age=300',
117 verbose headers   'cf-ray': '5220b2e0fdf78488-HKG',
117 verbose headers   age: '5346',
117 verbose headers   etag: 'W/"d059cf315299c2e450cc1dd74c0a42e2"',
117 verbose headers   'expect-ct': 'max-age=604800, report-uri="https://report-uri.cloudflare.com/cdn-cgi/beacon/expect-ct"',
117 verbose headers   'last-modified': 'Sun, 28 Apr 2019 04:40:52 GMT',
117 verbose headers   vary: 'accept-encoding, accept',
117 verbose headers   'x-amz-meta-rev': '20-921fb92db416a512155dc582b4adc046',
117 verbose headers   server: 'cloudflare',
117 verbose headers   'content-encoding': 'gzip' }
118 silly get cb [ 200,
118 silly get   { date: 'Mon, 07 Oct 2019 14:52:25 GMT',
118 silly get     'content-type': 'application/json',
118 silly get     'transfer-encoding': 'chunked',
118 silly get     connection: 'keep-alive',
118 silly get     'set-cookie': [ '__cfduid=df5a5cf0047bb016267b345dc211f66df1570459945; expires=Tue, 06-Oct-20 14:52:25 GMT; path=/; domain=.npmjs.org; HttpOnly' ],
118 silly get     'cf-cache-status': 'HIT',
118 silly get     'cache-control': 'max-age=300',
118 silly get     'cf-ray': '5220b2e0fdf78488-HKG',
118 silly get     age: '5346',
118 silly get     etag: 'W/"d059cf315299c2e450cc1dd74c0a42e2"',
118 silly get     'expect-ct': 'max-age=604800, report-uri="https://report-uri.cloudflare.com/cdn-cgi/beacon/expect-ct"',
118 silly get     'last-modified': 'Sun, 28 Apr 2019 04:40:52 GMT',
118 silly get     vary: 'accept-encoding, accept',
118 silly get     'x-amz-meta-rev': '20-921fb92db416a512155dc582b4adc046',
118 silly get     server: 'cloudflare',
118 silly get     'content-encoding': 'gzip' } ]
119 verbose get saving strip-bom to /home/haict/.npm/registry.npmjs.org/strip-bom/.cache.json
120 silly resolveWithNewModule @types/json5@0.0.29 checking installable status
121 silly cache add args [ '@types/json5@^0.0.29', null ]
122 verbose cache add spec @types/json5@^0.0.29
123 silly cache add parsed spec Result {
123 silly cache add   raw: '@types/json5@^0.0.29',
123 silly cache add   scope: '@types',
123 silly cache add   name: '@types/json5',
123 silly cache add   rawSpec: '^0.0.29',
123 silly cache add   spec: '>=0.0.29 <0.0.30',
123 silly cache add   type: 'range' }
124 silly addNamed @types/json5@>=0.0.29 <0.0.30
125 verbose addNamed ">=0.0.29 <0.0.30" is a valid semver range for @types/json5
126 silly addNameRange { name: '@types/json5',
126 silly addNameRange   range: '>=0.0.29 <0.0.30',
126 silly addNameRange   hasData: false }
127 silly mapToRegistry name @types/json5
128 silly mapToRegistry scope (from package name) @types
129 verbose mapToRegistry no registry URL found in name for scope @types
130 silly mapToRegistry using default registry
131 silly mapToRegistry registry https://registry.npmjs.org/
132 silly mapToRegistry uri https://registry.npmjs.org/@types%2fjson5
133 verbose addNameRange registry:https://registry.npmjs.org/@types%2fjson5 not in flight; fetching
134 silly resolveWithNewModule json5@1.0.1 checking installable status
135 silly cache add args [ 'json5@^1.0.1', null ]
136 verbose cache add spec json5@^1.0.1
137 silly cache add parsed spec Result {
137 silly cache add   raw: 'json5@^1.0.1',
137 silly cache add   scope: null,
137 silly cache add   name: 'json5',
137 silly cache add   rawSpec: '^1.0.1',
137 silly cache add   spec: '>=1.0.1 <2.0.0',
137 silly cache add   type: 'range' }
138 silly addNamed json5@>=1.0.1 <2.0.0
139 verbose addNamed ">=1.0.1 <2.0.0" is a valid semver range for json5
140 silly addNameRange { name: 'json5', range: '>=1.0.1 <2.0.0', hasData: false }
141 silly mapToRegistry name json5
142 silly mapToRegistry using default registry
143 silly mapToRegistry registry https://registry.npmjs.org/
144 silly mapToRegistry uri https://registry.npmjs.org/json5
145 verbose addNameRange registry:https://registry.npmjs.org/json5 not in flight; fetching
146 verbose get https://registry.npmjs.org/@types%2fjson5 not expired, no request
147 silly addNameRange number 2 { name: '@types/json5',
147 silly addNameRange   range: '>=0.0.29 <0.0.30',
147 silly addNameRange   hasData: true }
148 silly addNameRange versions [ '@types/json5',
148 silly addNameRange   [ '0.0.15-alpha',
148 silly addNameRange     '0.0.16-alpha',
148 silly addNameRange     '0.0.21-alpha',
148 silly addNameRange     '0.0.22-alpha',
148 silly addNameRange     '0.0.23-alpha',
148 silly addNameRange     '0.0.24-alpha',
148 silly addNameRange     '0.0.25-alpha',
148 silly addNameRange     '0.0.26-alpha',
148 silly addNameRange     '0.0.27-alpha',
148 silly addNameRange     '0.0.28',
148 silly addNameRange     '0.0.29',
148 silly addNameRange     '0.0.30' ] ]
149 silly addNamed @types/json5@0.0.29
150 verbose addNamed "0.0.29" is a plain semver version for @types/json5
151 silly resolveWithNewModule strip-bom@3.0.0 checking installable status
152 silly cache add args [ 'strip-bom@^3.0.0', null ]
153 verbose cache add spec strip-bom@^3.0.0
154 silly cache add parsed spec Result {
154 silly cache add   raw: 'strip-bom@^3.0.0',
154 silly cache add   scope: null,
154 silly cache add   name: 'strip-bom',
154 silly cache add   rawSpec: '^3.0.0',
154 silly cache add   spec: '>=3.0.0 <4.0.0',
154 silly cache add   type: 'range' }
155 silly addNamed strip-bom@>=3.0.0 <4.0.0
156 verbose addNamed ">=3.0.0 <4.0.0" is a valid semver range for strip-bom
157 silly addNameRange { name: 'strip-bom', range: '>=3.0.0 <4.0.0', hasData: false }
158 silly mapToRegistry name strip-bom
159 silly mapToRegistry using default registry
160 silly mapToRegistry registry https://registry.npmjs.org/
161 silly mapToRegistry uri https://registry.npmjs.org/strip-bom
162 verbose addNameRange registry:https://registry.npmjs.org/strip-bom not in flight; fetching
163 silly resolveWithNewModule minimist@1.2.0 checking installable status
164 silly cache add args [ 'minimist@^1.2.0', null ]
165 verbose cache add spec minimist@^1.2.0
166 silly cache add parsed spec Result {
166 silly cache add   raw: 'minimist@^1.2.0',
166 silly cache add   scope: null,
166 silly cache add   name: 'minimist',
166 silly cache add   rawSpec: '^1.2.0',
166 silly cache add   spec: '>=1.2.0 <2.0.0',
166 silly cache add   type: 'range' }
167 silly addNamed minimist@>=1.2.0 <2.0.0
168 verbose addNamed ">=1.2.0 <2.0.0" is a valid semver range for minimist
169 silly addNameRange { name: 'minimist', range: '>=1.2.0 <2.0.0', hasData: false }
170 silly mapToRegistry name minimist
171 silly mapToRegistry using default registry
172 silly mapToRegistry registry https://registry.npmjs.org/
173 silly mapToRegistry uri https://registry.npmjs.org/minimist
174 verbose addNameRange registry:https://registry.npmjs.org/minimist not in flight; fetching
175 silly mapToRegistry name @types/json5
176 silly mapToRegistry scope (from package name) @types
177 verbose mapToRegistry no registry URL found in name for scope @types
178 silly mapToRegistry using default registry
179 silly mapToRegistry registry https://registry.npmjs.org/
180 silly mapToRegistry uri https://registry.npmjs.org/@types%2fjson5
181 verbose addRemoteTarball https://registry.npmjs.org/@types/json5/-/json5-0.0.29.tgz not in flight; adding
182 verbose addRemoteTarball [ 'https://registry.npmjs.org/@types/json5/-/json5-0.0.29.tgz',
182 verbose addRemoteTarball   'ee28707ae94e11d2b827bcbe5270bcea7f3e71ee' ]
183 verbose get https://registry.npmjs.org/json5 not expired, no request
184 silly addNameRange number 2 { name: 'json5', range: '>=1.0.1 <2.0.0', hasData: true }
185 silly addNameRange versions [ 'json5',
185 silly addNameRange   [ '0.0.0',
185 silly addNameRange     '0.0.1',
185 silly addNameRange     '0.1.0',
185 silly addNameRange     '0.2.0',
185 silly addNameRange     '0.4.0',
185 silly addNameRange     '0.5.0',
185 silly addNameRange     '0.5.1',
185 silly addNameRange     '1.0.0-dates',
185 silly addNameRange     '1.0.0-regexps',
185 silly addNameRange     '1.0.0-beta',
185 silly addNameRange     '1.0.0-dates-2',
185 silly addNameRange     '1.0.0-regexps-2',
185 silly addNameRange     '1.0.0-beta-2',
185 silly addNameRange     '1.0.0-beta.4',
185 silly addNameRange     '1.0.0',
185 silly addNameRange     '1.0.1',
185 silly addNameRange     '2.0.0',
185 silly addNameRange     '2.0.1',
185 silly addNameRange     '2.1.0',
185 silly addNameRange     '2.1.1' ] ]
186 silly addNamed json5@1.0.1
187 verbose addNamed "1.0.1" is a plain semver version for json5
188 verbose get https://registry.npmjs.org/strip-bom not expired, no request
189 silly addNameRange number 2 { name: 'strip-bom', range: '>=3.0.0 <4.0.0', hasData: true }
190 silly addNameRange versions [ 'strip-bom',
190 silly addNameRange   [ '0.1.0',
190 silly addNameRange     '0.2.0',
190 silly addNameRange     '0.2.1',
190 silly addNameRange     '0.3.0',
190 silly addNameRange     '0.3.1',
190 silly addNameRange     '1.0.0',
190 silly addNameRange     '2.0.0',
190 silly addNameRange     '3.0.0',
190 silly addNameRange     '4.0.0' ] ]
191 silly addNamed strip-bom@3.0.0
192 verbose addNamed "3.0.0" is a plain semver version for strip-bom
193 silly mapToRegistry name json5
194 silly mapToRegistry using default registry
195 silly mapToRegistry registry https://registry.npmjs.org/
196 silly mapToRegistry uri https://registry.npmjs.org/json5
197 verbose addRemoteTarball https://registry.npmjs.org/json5/-/json5-1.0.1.tgz not in flight; adding
198 verbose addRemoteTarball [ 'https://registry.npmjs.org/json5/-/json5-1.0.1.tgz',
198 verbose addRemoteTarball   '779fb0018604fa854eacbf6252180d83543e3dbe' ]
199 verbose get https://registry.npmjs.org/minimist not expired, no request
200 silly addNameRange number 2 { name: 'minimist', range: '>=1.2.0 <2.0.0', hasData: true }
201 silly addNameRange versions [ 'minimist',
201 silly addNameRange   [ '0.0.0',
201 silly addNameRange     '0.0.1',
201 silly addNameRange     '0.0.2',
201 silly addNameRange     '0.0.3',
201 silly addNameRange     '0.0.4',
201 silly addNameRange     '0.0.5',
201 silly addNameRange     '0.0.6',
201 silly addNameRange     '0.0.7',
201 silly addNameRange     '0.0.8',
201 silly addNameRange     '0.0.9',
201 silly addNameRange     '0.0.10',
201 silly addNameRange     '0.1.0',
201 silly addNameRange     '0.2.0',
201 silly addNameRange     '1.0.0',
201 silly addNameRange     '1.1.0',
201 silly addNameRange     '1.1.1',
201 silly addNameRange     '1.1.2',
201 silly addNameRange     '1.1.3',
201 silly addNameRange     '1.2.0' ] ]
202 silly addNamed minimist@1.2.0
203 verbose addNamed "1.2.0" is a plain semver version for minimist
204 silly mapToRegistry name strip-bom
205 silly mapToRegistry using default registry
206 silly mapToRegistry registry https://registry.npmjs.org/
207 silly mapToRegistry uri https://registry.npmjs.org/strip-bom
208 verbose addRemoteTarball https://registry.npmjs.org/strip-bom/-/strip-bom-3.0.0.tgz not in flight; adding
209 verbose addRemoteTarball [ 'https://registry.npmjs.org/strip-bom/-/strip-bom-3.0.0.tgz',
209 verbose addRemoteTarball   '2334c18e9c759f7bdd56fdef7e9ae3d588e68ed3' ]
210 silly mapToRegistry name minimist
211 silly mapToRegistry using default registry
212 silly mapToRegistry registry https://registry.npmjs.org/
213 silly mapToRegistry uri https://registry.npmjs.org/minimist
214 verbose addRemoteTarball https://registry.npmjs.org/minimist/-/minimist-1.2.0.tgz not in flight; adding
215 verbose addRemoteTarball [ 'https://registry.npmjs.org/minimist/-/minimist-1.2.0.tgz',
215 verbose addRemoteTarball   'a35008b20f41383eec1fb914f4cd5df79a264284' ]
216 info retry fetch attempt 1 at 9:52:20 PM
217 info attempt registry request try #1 at 9:52:20 PM
218 http fetch GET https://registry.npmjs.org/@types/json5/-/json5-0.0.29.tgz
219 info retry fetch attempt 1 at 9:52:20 PM
220 info attempt registry request try #1 at 9:52:20 PM
221 http fetch GET https://registry.npmjs.org/json5/-/json5-1.0.1.tgz
222 info retry fetch attempt 1 at 9:52:20 PM
223 info attempt registry request try #1 at 9:52:20 PM
224 http fetch GET https://registry.npmjs.org/strip-bom/-/strip-bom-3.0.0.tgz
225 info retry fetch attempt 1 at 9:52:20 PM
226 info attempt registry request try #1 at 9:52:20 PM
227 http fetch GET https://registry.npmjs.org/minimist/-/minimist-1.2.0.tgz
228 http fetch 200 https://registry.npmjs.org/@types/json5/-/json5-0.0.29.tgz
229 silly fetchAndShaCheck shasum ee28707ae94e11d2b827bcbe5270bcea7f3e71ee
230 verbose addTmpTarball /tmp/npm-1303-500f501f/registry.npmjs.org/_40types/json5/-/json5-0.0.29.tgz not in flight; adding
231 verbose addTmpTarball already have metadata; skipping unpack for @types/json5@0.0.29
232 silly cache afterAdd @types/json5@0.0.29
233 verbose afterAdd /home/haict/.npm/@types/json5/0.0.29/package/package.json not in flight; writing
234 verbose afterAdd /home/haict/.npm/@types/json5/0.0.29/package/package.json written
235 http fetch 200 https://registry.npmjs.org/json5/-/json5-1.0.1.tgz
236 silly fetchAndShaCheck shasum 779fb0018604fa854eacbf6252180d83543e3dbe
237 verbose addTmpTarball /tmp/npm-1303-500f501f/registry.npmjs.org/json5/-/json5-1.0.1.tgz not in flight; adding
238 verbose addTmpTarball already have metadata; skipping unpack for json5@1.0.1
239 http fetch 200 https://registry.npmjs.org/minimist/-/minimist-1.2.0.tgz
240 http fetch 200 https://registry.npmjs.org/strip-bom/-/strip-bom-3.0.0.tgz
241 silly fetchAndShaCheck shasum a35008b20f41383eec1fb914f4cd5df79a264284
242 silly fetchAndShaCheck shasum 2334c18e9c759f7bdd56fdef7e9ae3d588e68ed3
243 verbose addTmpTarball /tmp/npm-1303-500f501f/registry.npmjs.org/minimist/-/minimist-1.2.0.tgz not in flight; adding
244 verbose addTmpTarball already have metadata; skipping unpack for minimist@1.2.0
245 verbose addTmpTarball /tmp/npm-1303-500f501f/registry.npmjs.org/strip-bom/-/strip-bom-3.0.0.tgz not in flight; adding
246 verbose addTmpTarball already have metadata; skipping unpack for strip-bom@3.0.0
247 silly cache afterAdd json5@1.0.1
248 verbose afterAdd /home/haict/.npm/json5/1.0.1/package/package.json not in flight; writing
249 verbose afterAdd /home/haict/.npm/json5/1.0.1/package/package.json written
250 silly cache afterAdd minimist@1.2.0
251 verbose afterAdd /home/haict/.npm/minimist/1.2.0/package/package.json not in flight; writing
252 verbose afterAdd /home/haict/.npm/minimist/1.2.0/package/package.json written
253 silly cache afterAdd strip-bom@3.0.0
254 verbose afterAdd /home/haict/.npm/strip-bom/3.0.0/package/package.json not in flight; writing
255 verbose afterAdd /home/haict/.npm/strip-bom/3.0.0/package/package.json written
256 silly loadAllDepsIntoIdealTree Finishing
257 silly idealTree:prePrune js-exercises
257 silly idealTree:prePrune ├── @types/json5@0.0.29
257 silly idealTree:prePrune ├── arg@4.1.1
257 silly idealTree:prePrune ├── buffer-from@1.1.1
257 silly idealTree:prePrune ├── diff@4.0.1
257 silly idealTree:prePrune ├── json5@1.0.1
257 silly idealTree:prePrune ├── make-error@1.3.5
257 silly idealTree:prePrune ├── minimist@1.2.0
257 silly idealTree:prePrune ├── source-map-support@0.5.13
257 silly idealTree:prePrune ├── source-map@0.6.1
257 silly idealTree:prePrune ├── strip-bom@3.0.0
257 silly idealTree:prePrune ├── ts-node@8.4.1
257 silly idealTree:prePrune ├── tsconfig-paths@3.9.0
257 silly idealTree:prePrune └── yn@3.1.1
258 silly loadIdealTree Finishing
259 silly currentTree js-exercises
259 silly currentTree ├── arg@4.1.1
259 silly currentTree ├── buffer-from@1.1.1
259 silly currentTree ├── diff@4.0.1
259 silly currentTree ├── make-error@1.3.5
259 silly currentTree ├── source-map-support@0.5.13
259 silly currentTree ├── source-map@0.6.1
259 silly currentTree ├── ts-node@8.4.1
259 silly currentTree └── yn@3.1.1
260 silly idealTree js-exercises
260 silly idealTree ├── @types/json5@0.0.29
260 silly idealTree ├── arg@4.1.1
260 silly idealTree ├── buffer-from@1.1.1
260 silly idealTree ├── diff@4.0.1
260 silly idealTree ├── json5@1.0.1
260 silly idealTree ├── make-error@1.3.5
260 silly idealTree ├── minimist@1.2.0
260 silly idealTree ├── source-map-support@0.5.13
260 silly idealTree ├── source-map@0.6.1
260 silly idealTree ├── strip-bom@3.0.0
260 silly idealTree ├── ts-node@8.4.1
260 silly idealTree ├── tsconfig-paths@3.9.0
260 silly idealTree └── yn@3.1.1
261 silly generateActionsToTake Starting
262 silly install generateActionsToTake
263 silly generateActionsToTake Finishing
264 silly diffTrees action count 6
265 silly diffTrees add @types/json5@0.0.29
266 silly diffTrees add minimist@1.2.0
267 silly diffTrees add json5@1.0.1
268 silly diffTrees add strip-bom@3.0.0
269 silly diffTrees update ts-node@8.4.1
270 silly diffTrees add tsconfig-paths@3.9.0
271 silly decomposeActions action count 48
272 silly decomposeActions fetch @types/json5@0.0.29
273 silly decomposeActions extract @types/json5@0.0.29
274 silly decomposeActions test @types/json5@0.0.29
275 silly decomposeActions preinstall @types/json5@0.0.29
276 silly decomposeActions build @types/json5@0.0.29
277 silly decomposeActions install @types/json5@0.0.29
278 silly decomposeActions postinstall @types/json5@0.0.29
279 silly decomposeActions finalize @types/json5@0.0.29
280 silly decomposeActions fetch minimist@1.2.0
281 silly decomposeActions extract minimist@1.2.0
282 silly decomposeActions test minimist@1.2.0
283 silly decomposeActions preinstall minimist@1.2.0
284 silly decomposeActions build minimist@1.2.0
285 silly decomposeActions install minimist@1.2.0
286 silly decomposeActions postinstall minimist@1.2.0
287 silly decomposeActions finalize minimist@1.2.0
288 silly decomposeActions fetch json5@1.0.1
289 silly decomposeActions extract json5@1.0.1
290 silly decomposeActions test json5@1.0.1
291 silly decomposeActions preinstall json5@1.0.1
292 silly decomposeActions build json5@1.0.1
293 silly decomposeActions install json5@1.0.1
294 silly decomposeActions postinstall json5@1.0.1
295 silly decomposeActions finalize json5@1.0.1
296 silly decomposeActions fetch strip-bom@3.0.0
297 silly decomposeActions extract strip-bom@3.0.0
298 silly decomposeActions test strip-bom@3.0.0
299 silly decomposeActions preinstall strip-bom@3.0.0
300 silly decomposeActions build strip-bom@3.0.0
301 silly decomposeActions install strip-bom@3.0.0
302 silly decomposeActions postinstall strip-bom@3.0.0
303 silly decomposeActions finalize strip-bom@3.0.0
304 silly decomposeActions fetch ts-node@8.4.1
305 silly decomposeActions extract ts-node@8.4.1
306 silly decomposeActions test ts-node@8.4.1
307 silly decomposeActions preinstall ts-node@8.4.1
308 silly decomposeActions build ts-node@8.4.1
309 silly decomposeActions install ts-node@8.4.1
310 silly decomposeActions postinstall ts-node@8.4.1
311 silly decomposeActions finalize ts-node@8.4.1
312 silly decomposeActions fetch tsconfig-paths@3.9.0
313 silly decomposeActions extract tsconfig-paths@3.9.0
314 silly decomposeActions test tsconfig-paths@3.9.0
315 silly decomposeActions preinstall tsconfig-paths@3.9.0
316 silly decomposeActions build tsconfig-paths@3.9.0
317 silly decomposeActions install tsconfig-paths@3.9.0
318 silly decomposeActions postinstall tsconfig-paths@3.9.0
319 silly decomposeActions finalize tsconfig-paths@3.9.0
320 silly executeActions Starting
321 silly install executeActions
322 silly doSerial global-install 0
323 silly doParallel fetch 6
324 verbose lock using /home/haict/.npm/_locks/staging-17ae5a24aa92cbac.lock for /mnt/c/Users/PhatKute/Desktop/Web/js-exercises/node_modules/.staging
325 silly doParallel extract 6
326 silly extract @types/json5@0.0.29
327 silly extract minimist@1.2.0
328 silly extract json5@1.0.1
329 silly extract strip-bom@3.0.0
330 silly extract ts-node@8.4.1
331 silly extract tsconfig-paths@3.9.0
332 verbose unbuild node_modules/.staging/@types/json5-76b8e323
333 verbose unbuild node_modules/.staging/minimist-525af463
334 verbose unbuild node_modules/.staging/strip-bom-76b3458d
335 verbose unbuild node_modules/.staging/tsconfig-paths-56e7293e
336 verbose unbuild node_modules/.staging/json5-f20f8a6c
337 verbose unbuild node_modules/.staging/ts-node-d63fd6d1
338 silly gentlyRm /mnt/c/Users/PhatKute/Desktop/Web/js-exercises/node_modules/.staging/@types/json5-76b8e323 is being purged from base /mnt/c/Users/PhatKute/Desktop/Web/js-exercises
339 verbose gentlyRm don't care about contents; nuking /mnt/c/Users/PhatKute/Desktop/Web/js-exercises/node_modules/.staging/@types/json5-76b8e323
340 silly gentlyRm /mnt/c/Users/PhatKute/Desktop/Web/js-exercises/node_modules/.staging/minimist-525af463 is being purged from base /mnt/c/Users/PhatKute/Desktop/Web/js-exercises
341 verbose gentlyRm don't care about contents; nuking /mnt/c/Users/PhatKute/Desktop/Web/js-exercises/node_modules/.staging/minimist-525af463
342 silly gentlyRm /mnt/c/Users/PhatKute/Desktop/Web/js-exercises/node_modules/.staging/strip-bom-76b3458d is being purged from base /mnt/c/Users/PhatKute/Desktop/Web/js-exercises
343 verbose gentlyRm don't care about contents; nuking /mnt/c/Users/PhatKute/Desktop/Web/js-exercises/node_modules/.staging/strip-bom-76b3458d
344 verbose tar unpack /home/haict/.npm/@types/json5/0.0.29/package.tgz
345 verbose tar unpacking to /mnt/c/Users/PhatKute/Desktop/Web/js-exercises/node_modules/.staging/@types/json5-76b8e323
346 silly gentlyRm /mnt/c/Users/PhatKute/Desktop/Web/js-exercises/node_modules/.staging/@types/json5-76b8e323 is being purged
347 verbose gentlyRm don't care about contents; nuking /mnt/c/Users/PhatKute/Desktop/Web/js-exercises/node_modules/.staging/@types/json5-76b8e323
348 silly gentlyRm /mnt/c/Users/PhatKute/Desktop/Web/js-exercises/node_modules/.staging/tsconfig-paths-56e7293e is being purged from base /mnt/c/Users/PhatKute/Desktop/Web/js-exercises
349 verbose gentlyRm don't care about contents; nuking /mnt/c/Users/PhatKute/Desktop/Web/js-exercises/node_modules/.staging/tsconfig-paths-56e7293e
350 verbose tar unpack /home/haict/.npm/minimist/1.2.0/package.tgz
351 verbose tar unpacking to /mnt/c/Users/PhatKute/Desktop/Web/js-exercises/node_modules/.staging/minimist-525af463
352 silly gentlyRm /mnt/c/Users/PhatKute/Desktop/Web/js-exercises/node_modules/.staging/minimist-525af463 is being purged
353 verbose gentlyRm don't care about contents; nuking /mnt/c/Users/PhatKute/Desktop/Web/js-exercises/node_modules/.staging/minimist-525af463
354 silly gentlyRm /mnt/c/Users/PhatKute/Desktop/Web/js-exercises/node_modules/.staging/json5-f20f8a6c is being purged from base /mnt/c/Users/PhatKute/Desktop/Web/js-exercises
355 verbose gentlyRm don't care about contents; nuking /mnt/c/Users/PhatKute/Desktop/Web/js-exercises/node_modules/.staging/json5-f20f8a6c
356 verbose tar unpack /home/haict/.npm/strip-bom/3.0.0/package.tgz
357 verbose tar unpacking to /mnt/c/Users/PhatKute/Desktop/Web/js-exercises/node_modules/.staging/strip-bom-76b3458d
358 silly gentlyRm /mnt/c/Users/PhatKute/Desktop/Web/js-exercises/node_modules/.staging/strip-bom-76b3458d is being purged
359 verbose gentlyRm don't care about contents; nuking /mnt/c/Users/PhatKute/Desktop/Web/js-exercises/node_modules/.staging/strip-bom-76b3458d
360 silly gentlyRm /mnt/c/Users/PhatKute/Desktop/Web/js-exercises/node_modules/.staging/ts-node-d63fd6d1 is being purged from base /mnt/c/Users/PhatKute/Desktop/Web/js-exercises
361 verbose gentlyRm don't care about contents; nuking /mnt/c/Users/PhatKute/Desktop/Web/js-exercises/node_modules/.staging/ts-node-d63fd6d1
362 silly gunzTarPerm modes [ '777', '666' ]
363 verbose tar unpack /home/haict/.npm/tsconfig-paths/3.9.0/package.tgz
364 verbose tar unpacking to /mnt/c/Users/PhatKute/Desktop/Web/js-exercises/node_modules/.staging/tsconfig-paths-56e7293e
365 silly gentlyRm /mnt/c/Users/PhatKute/Desktop/Web/js-exercises/node_modules/.staging/tsconfig-paths-56e7293e is being purged
366 verbose gentlyRm don't care about contents; nuking /mnt/c/Users/PhatKute/Desktop/Web/js-exercises/node_modules/.staging/tsconfig-paths-56e7293e
367 silly gunzTarPerm modes [ '777', '666' ]
368 verbose tar unpack /home/haict/.npm/json5/1.0.1/package.tgz
369 verbose tar unpacking to /mnt/c/Users/PhatKute/Desktop/Web/js-exercises/node_modules/.staging/json5-f20f8a6c
370 silly gentlyRm /mnt/c/Users/PhatKute/Desktop/Web/js-exercises/node_modules/.staging/json5-f20f8a6c is being purged
371 verbose gentlyRm don't care about contents; nuking /mnt/c/Users/PhatKute/Desktop/Web/js-exercises/node_modules/.staging/json5-f20f8a6c
372 silly gunzTarPerm modes [ '777', '666' ]
373 verbose tar unpack /home/haict/.npm/ts-node/8.4.1/package.tgz
374 verbose tar unpacking to /mnt/c/Users/PhatKute/Desktop/Web/js-exercises/node_modules/.staging/ts-node-d63fd6d1
375 silly gentlyRm /mnt/c/Users/PhatKute/Desktop/Web/js-exercises/node_modules/.staging/ts-node-d63fd6d1 is being purged
376 verbose gentlyRm don't care about contents; nuking /mnt/c/Users/PhatKute/Desktop/Web/js-exercises/node_modules/.staging/ts-node-d63fd6d1
377 silly gunzTarPerm modes [ '777', '666' ]
378 silly gunzTarPerm modes [ '777', '666' ]
379 silly gunzTarPerm modes [ '777', '666' ]
380 silly gunzTarPerm extractEntry package.json
381 silly gunzTarPerm modified mode [ 'package.json', 420, 438 ]
382 silly gunzTarPerm extractEntry package.json
383 silly gunzTarPerm modified mode [ 'package.json', 420, 438 ]
384 silly gunzTarPerm extractEntry README.md
385 silly gunzTarPerm modified mode [ 'README.md', 420, 438 ]
386 silly gunzTarPerm extractEntry package.json
387 silly gunzTarPerm modified mode [ 'package.json', 420, 438 ]
388 silly gunzTarPerm extractEntry
389 silly gunzTarPerm modified mode [ '', 493, 511 ]
390 silly gunzTarPerm extractEntry package.json
391 silly gunzTarPerm extractEntry index.js
392 silly gunzTarPerm modified mode [ 'index.js', 420, 438 ]
393 silly gunzTarPerm extractEntry license
394 silly gunzTarPerm modified mode [ 'license', 420, 438 ]
395 silly gunzTarPerm extractEntry index.d.ts
396 silly gunzTarPerm modified mode [ 'index.d.ts', 420, 438 ]
397 silly gunzTarPerm extractEntry package.json
398 silly gunzTarPerm modified mode [ 'package.json', 420, 438 ]
399 silly gunzTarPerm extractEntry LICENSE
400 silly gunzTarPerm modified mode [ 'LICENSE', 420, 438 ]
401 silly gunzTarPerm extractEntry README.md
402 silly gunzTarPerm modified mode [ 'README.md', 420, 438 ]
403 silly gunzTarPerm extractEntry LICENSE
404 silly gunzTarPerm modified mode [ 'LICENSE', 420, 438 ]
405 silly gunzTarPerm extractEntry index.js
406 silly gunzTarPerm modified mode [ 'index.js', 420, 438 ]
407 silly gunzTarPerm extractEntry CHANGELOG.md
408 silly gunzTarPerm extractEntry LICENSE.md
409 silly gunzTarPerm extractEntry .nycrc.json
410 silly gunzTarPerm modified mode [ '.nycrc.json', 420, 438 ]
411 silly gunzTarPerm extractEntry CHANGELOG.md
412 silly gunzTarPerm modified mode [ 'CHANGELOG.md', 420, 438 ]
413 silly gunzTarPerm extractEntry LICENSE
414 silly gunzTarPerm modified mode [ 'LICENSE', 420, 438 ]
415 silly gunzTarPerm extractEntry README.md
416 silly gunzTarPerm modified mode [ 'README.md', 420, 438 ]
417 silly gunzTarPerm extractEntry lib
418 silly gunzTarPerm modified mode [ 'lib', 493, 511 ]
419 silly gunzTarPerm extractEntry package.json
420 silly gunzTarPerm modified mode [ 'package.json', 420, 438 ]
421 silly gunzTarPerm extractEntry register.js
422 silly gunzTarPerm modified mode [ 'register.js', 420, 438 ]
423 silly gunzTarPerm extractEntry test
424 silly gunzTarPerm modified mode [ 'test', 493, 511 ]
425 silly gunzTarPerm extractEntry tslint.json
426 silly gunzTarPerm modified mode [ 'tslint.json', 420, 438 ]
427 silly gunzTarPerm extractEntry lib/config-loader.d.ts
428 silly gunzTarPerm modified mode [ 'lib/config-loader.d.ts', 420, 438 ]
429 silly gunzTarPerm extractEntry lib/config-loader.js
430 silly gunzTarPerm modified mode [ 'lib/config-loader.js', 420, 438 ]
431 silly gunzTarPerm extractEntry lib/filesystem.d.ts
432 silly gunzTarPerm modified mode [ 'lib/filesystem.d.ts', 420, 438 ]
433 silly gunzTarPerm extractEntry lib/filesystem.js
434 silly gunzTarPerm modified mode [ 'lib/filesystem.js', 420, 438 ]
435 silly gunzTarPerm extractEntry lib/index.d.ts
436 silly gunzTarPerm modified mode [ 'lib/index.d.ts', 420, 438 ]
437 silly gunzTarPerm extractEntry lib/index.js
438 silly gunzTarPerm modified mode [ 'lib/index.js', 420, 438 ]
439 silly gunzTarPerm extractEntry lib/mapping-entry.d.ts
440 silly gunzTarPerm modified mode [ 'lib/mapping-entry.d.ts', 420, 438 ]
441 silly gunzTarPerm extractEntry lib/mapping-entry.js
442 silly gunzTarPerm modified mode [ 'lib/mapping-entry.js', 420, 438 ]
443 silly gunzTarPerm extractEntry lib/match-path-async.d.ts
444 silly gunzTarPerm modified mode [ 'lib/match-path-async.d.ts', 420, 438 ]
445 silly gunzTarPerm extractEntry lib/match-path-async.js
446 silly gunzTarPerm modified mode [ 'lib/match-path-async.js', 420, 438 ]
447 silly gunzTarPerm extractEntry lib/match-path-sync.d.ts
448 silly gunzTarPerm modified mode [ 'lib/match-path-sync.d.ts', 420, 438 ]
449 silly gunzTarPerm extractEntry lib/match-path-sync.js
450 silly gunzTarPerm modified mode [ 'lib/match-path-sync.js', 420, 438 ]
451 silly gunzTarPerm extractEntry lib/options.d.ts
452 silly gunzTarPerm modified mode [ 'lib/options.d.ts', 420, 438 ]
453 silly gunzTarPerm extractEntry lib/options.js
454 silly gunzTarPerm modified mode [ 'lib/options.js', 420, 438 ]
455 silly gunzTarPerm extractEntry lib/register.d.ts
456 silly gunzTarPerm modified mode [ 'lib/register.d.ts', 420, 438 ]
457 silly gunzTarPerm extractEntry lib/register.js
458 silly gunzTarPerm modified mode [ 'lib/register.js', 420, 438 ]
459 silly gunzTarPerm extractEntry lib/try-path.d.ts
460 silly gunzTarPerm modified mode [ 'lib/try-path.d.ts', 420, 438 ]
461 silly gunzTarPerm extractEntry lib/try-path.js
462 silly gunzTarPerm modified mode [ 'lib/try-path.js', 420, 438 ]
463 silly gunzTarPerm extractEntry lib/tsconfig-loader.d.ts
464 silly gunzTarPerm modified mode [ 'lib/tsconfig-loader.d.ts', 420, 438 ]
465 silly gunzTarPerm extractEntry lib/tsconfig-loader.js
466 silly gunzTarPerm modified mode [ 'lib/tsconfig-loader.js', 420, 438 ]
467 silly gunzTarPerm extractEntry test/config-loader-tests.ts
468 silly gunzTarPerm modified mode [ 'test/config-loader-tests.ts', 420, 438 ]
469 silly gunzTarPerm extractEntry test/data
470 silly gunzTarPerm modified mode [ 'test/data', 493, 511 ]
471 silly gunzTarPerm extractEntry test/filesystem-tests.ts
472 silly gunzTarPerm modified mode [ 'test/filesystem-tests.ts', 420, 438 ]
473 silly gunzTarPerm extractEntry test/mapping-entry-test.ts
474 silly gunzTarPerm modified mode [ 'test/mapping-entry-test.ts', 420, 438 ]
475 silly gunzTarPerm extractEntry test/match-path-async-tests.ts
476 silly gunzTarPerm modified mode [ 'test/match-path-async-tests.ts', 420, 438 ]
477 silly gunzTarPerm extractEntry test/match-path-sync-tests.ts
478 silly gunzTarPerm modified mode [ 'test/match-path-sync-tests.ts', 420, 438 ]
479 silly gunzTarPerm extractEntry test/mocha.opts
480 silly gunzTarPerm modified mode [ 'test/mocha.opts', 420, 438 ]
481 silly gunzTarPerm extractEntry test/try-path-tests.ts
482 silly gunzTarPerm modified mode [ 'test/try-path-tests.ts', 420, 438 ]
483 silly gunzTarPerm extractEntry test/tsconfig-loader-tests.ts
484 silly gunzTarPerm modified mode [ 'test/tsconfig-loader-tests.ts', 420, 438 ]
485 silly gunzTarPerm extractEntry test/tsconfig-named.json
486 silly gunzTarPerm modified mode [ 'test/tsconfig-named.json', 420, 438 ]
487 silly gunzTarPerm extractEntry test/tsconfig.json
488 silly gunzTarPerm modified mode [ 'test/tsconfig.json', 420, 438 ]
489 silly gunzTarPerm extractEntry test/data/match-path-data.ts
490 silly gunzTarPerm modified mode [ 'test/data/match-path-data.ts', 420, 438 ]
491 silly gunzTarPerm extractEntry types-metadata.json
492 silly gunzTarPerm modified mode [ 'types-metadata.json', 420, 438 ]
493 silly gunzTarPerm extractEntry .travis.yml
494 silly gunzTarPerm modified mode [ '.travis.yml', 420, 438 ]
495 silly gunzTarPerm extractEntry example/parse.js
496 silly gunzTarPerm modified mode [ 'example/parse.js', 420, 438 ]
497 silly gunzTarPerm extractEntry readme.md
498 silly gunzTarPerm modified mode [ 'readme.md', 420, 438 ]
499 silly gunzTarPerm extractEntry dist/bin.d.ts
500 silly gunzTarPerm modified mode [ 'dist/bin.d.ts', 420, 438 ]
501 silly gunzTarPerm extractEntry dist/bin.js
502 silly gunzTarPerm modified mode [ 'dist/bin.js', 420, 438 ]
503 silly gunzTarPerm extractEntry README.md
504 silly gunzTarPerm extractEntry readme.markdown
505 silly gunzTarPerm modified mode [ 'readme.markdown', 420, 438 ]
506 silly gunzTarPerm extractEntry test/all_bool.js
507 silly gunzTarPerm modified mode [ 'test/all_bool.js', 420, 438 ]
508 silly gunzTarPerm extractEntry test/default_bool.js
509 silly gunzTarPerm modified mode [ 'test/default_bool.js', 420, 438 ]
510 silly gunzTarPerm extractEntry test/dotted.js
511 silly gunzTarPerm modified mode [ 'test/dotted.js', 420, 438 ]
512 silly gunzTarPerm extractEntry test/kv_short.js
513 silly gunzTarPerm modified mode [ 'test/kv_short.js', 420, 438 ]
514 silly gunzTarPerm extractEntry test/long.js
515 silly gunzTarPerm modified mode [ 'test/long.js', 420, 438 ]
516 silly gunzTarPerm extractEntry test/dash.js
517 silly gunzTarPerm modified mode [ 'test/dash.js', 420, 438 ]
518 silly gunzTarPerm extractEntry test/parse.js
519 silly gunzTarPerm modified mode [ 'test/parse.js', 420, 438 ]
520 silly gunzTarPerm extractEntry test/parse_modified.js
521 silly gunzTarPerm modified mode [ 'test/parse_modified.js', 420, 438 ]
522 silly gunzTarPerm extractEntry test/short.js
523 silly gunzTarPerm modified mode [ 'test/short.js', 420, 438 ]
524 silly gunzTarPerm extractEntry test/stop_early.js
525 silly gunzTarPerm modified mode [ 'test/stop_early.js', 420, 438 ]
526 silly gunzTarPerm extractEntry test/unknown.js
527 silly gunzTarPerm modified mode [ 'test/unknown.js', 420, 438 ]
528 silly gunzTarPerm extractEntry test/bool.js
529 silly gunzTarPerm modified mode [ 'test/bool.js', 420, 438 ]
530 silly gunzTarPerm extractEntry test/whitespace.js
531 silly gunzTarPerm modified mode [ 'test/whitespace.js', 420, 438 ]
532 silly gunzTarPerm extractEntry test/num.js
533 silly gunzTarPerm modified mode [ 'test/num.js', 420, 438 ]
534 silly gunzTarPerm extractEntry dist/bin.js.map
535 silly gunzTarPerm modified mode [ 'dist/bin.js.map', 420, 438 ]
536 silly gunzTarPerm extractEntry dist/index.js
537 silly gunzTarPerm extractEntry lib/cli.js
538 silly gunzTarPerm extractEntry dist/index.d.ts
539 silly gunzTarPerm modified mode [ 'dist/index.d.ts', 420, 438 ]
540 silly gunzTarPerm extractEntry dist/index.js
541 silly gunzTarPerm modified mode [ 'dist/index.js', 420, 438 ]
542 silly gunzTarPerm extractEntry lib/index.js
543 silly gunzTarPerm extractEntry lib/parse.js
544 silly gunzTarPerm extractEntry dist/index.js.map
545 silly gunzTarPerm modified mode [ 'dist/index.js.map', 420, 438 ]
546 silly gunzTarPerm extractEntry dist/index.spec.d.ts
547 silly gunzTarPerm modified mode [ 'dist/index.spec.d.ts', 420, 438 ]
548 silly gunzTarPerm extractEntry lib/register.js
549 silly gunzTarPerm extractEntry lib/require.js
550 silly gunzTarPerm extractEntry lib/stringify.js
551 silly gunzTarPerm extractEntry lib/unicode.js
552 silly gentlyRm /mnt/c/Users/PhatKute/Desktop/Web/js-exercises/node_modules/.staging/@types/json5-76b8e323/node_modules is being purged
553 verbose gentlyRm don't care about contents; nuking /mnt/c/Users/PhatKute/Desktop/Web/js-exercises/node_modules/.staging/@types/json5-76b8e323/node_modules
554 silly gunzTarPerm extractEntry dist/index.spec.js
555 silly gunzTarPerm modified mode [ 'dist/index.spec.js', 420, 438 ]
556 silly gunzTarPerm extractEntry dist/index.spec.js.map
557 silly gunzTarPerm modified mode [ 'dist/index.spec.js.map', 420, 438 ]
558 silly gunzTarPerm extractEntry register/index.js
559 silly gunzTarPerm modified mode [ 'register/index.js', 420, 438 ]
560 silly gentlyRm /mnt/c/Users/PhatKute/Desktop/Web/js-exercises/node_modules/.staging/strip-bom-76b3458d/node_modules is being purged
561 verbose gentlyRm don't care about contents; nuking /mnt/c/Users/PhatKute/Desktop/Web/js-exercises/node_modules/.staging/strip-bom-76b3458d/node_modules
562 silly gunzTarPerm extractEntry register/transpile-only.js
563 silly gunzTarPerm modified mode [ 'register/transpile-only.js', 420, 438 ]
564 silly gunzTarPerm extractEntry lib/util.js
565 silly gunzTarPerm extractEntry register/type-check.js
566 silly gunzTarPerm modified mode [ 'register/type-check.js', 420, 438 ]
567 silly gentlyRm /mnt/c/Users/PhatKute/Desktop/Web/js-exercises/node_modules/.staging/json5-f20f8a6c/node_modules is being purged
568 verbose gentlyRm don't care about contents; nuking /mnt/c/Users/PhatKute/Desktop/Web/js-exercises/node_modules/.staging/json5-f20f8a6c/node_modules
569 silly gentlyRm /mnt/c/Users/PhatKute/Desktop/Web/js-exercises/node_modules/.staging/ts-node-d63fd6d1/node_modules is being purged
570 verbose gentlyRm don't care about contents; nuking /mnt/c/Users/PhatKute/Desktop/Web/js-exercises/node_modules/.staging/ts-node-d63fd6d1/node_modules
571 silly gentlyRm /mnt/c/Users/PhatKute/Desktop/Web/js-exercises/node_modules/.staging/minimist-525af463/node_modules is being purged
572 verbose gentlyRm don't care about contents; nuking /mnt/c/Users/PhatKute/Desktop/Web/js-exercises/node_modules/.staging/minimist-525af463/node_modules
573 silly gentlyRm /mnt/c/Users/PhatKute/Desktop/Web/js-exercises/node_modules/.staging/tsconfig-paths-56e7293e/node_modules is being purged
574 verbose gentlyRm don't care about contents; nuking /mnt/c/Users/PhatKute/Desktop/Web/js-exercises/node_modules/.staging/tsconfig-paths-56e7293e/node_modules
575 silly doParallel preinstall 6
576 silly preinstall @types/json5@0.0.29 /mnt/c/Users/PhatKute/Desktop/Web/js-exercises/node_modules/.staging/@types/json5-76b8e323
577 info lifecycle @types/json5@0.0.29~preinstall: @types/json5@0.0.29
578 silly preinstall minimist@1.2.0 /mnt/c/Users/PhatKute/Desktop/Web/js-exercises/node_modules/.staging/minimist-525af463
579 info lifecycle minimist@1.2.0~preinstall: minimist@1.2.0
580 silly preinstall json5@1.0.1 /mnt/c/Users/PhatKute/Desktop/Web/js-exercises/node_modules/.staging/json5-f20f8a6c
581 info lifecycle json5@1.0.1~preinstall: json5@1.0.1
582 silly preinstall strip-bom@3.0.0 /mnt/c/Users/PhatKute/Desktop/Web/js-exercises/node_modules/.staging/strip-bom-76b3458d
583 info lifecycle strip-bom@3.0.0~preinstall: strip-bom@3.0.0
584 silly preinstall ts-node@8.4.1 /mnt/c/Users/PhatKute/Desktop/Web/js-exercises/node_modules/.staging/ts-node-d63fd6d1
585 info lifecycle ts-node@8.4.1~preinstall: ts-node@8.4.1
586 silly preinstall tsconfig-paths@3.9.0 /mnt/c/Users/PhatKute/Desktop/Web/js-exercises/node_modules/.staging/tsconfig-paths-56e7293e
587 info lifecycle tsconfig-paths@3.9.0~preinstall: tsconfig-paths@3.9.0
588 silly lifecycle @types/json5@0.0.29~preinstall: no script for preinstall, continuing
589 silly lifecycle json5@1.0.1~preinstall: no script for preinstall, continuing
590 silly lifecycle strip-bom@3.0.0~preinstall: no script for preinstall, continuing
591 silly lifecycle tsconfig-paths@3.9.0~preinstall: no script for preinstall, continuing
592 silly lifecycle ts-node@8.4.1~preinstall: no script for preinstall, continuing
593 silly lifecycle minimist@1.2.0~preinstall: no script for preinstall, continuing
594 silly doReverseSerial remove 0
595 silly doSerial move 0
596 silly doSerial finalize 6
597 silly finalize /mnt/c/Users/PhatKute/Desktop/Web/js-exercises/node_modules/@types/json5
598 silly finalize /mnt/c/Users/PhatKute/Desktop/Web/js-exercises/node_modules/minimist
599 silly finalize /mnt/c/Users/PhatKute/Desktop/Web/js-exercises/node_modules/json5
600 silly finalize /mnt/c/Users/PhatKute/Desktop/Web/js-exercises/node_modules/strip-bom
601 silly finalize /mnt/c/Users/PhatKute/Desktop/Web/js-exercises/node_modules/ts-node
602 verbose unlock done using /home/haict/.npm/_locks/staging-17ae5a24aa92cbac.lock for /mnt/c/Users/PhatKute/Desktop/Web/js-exercises/node_modules/.staging
603 silly rollbackFailedOptional Starting
604 silly rollbackFailedOptional Finishing
605 silly runTopLevelLifecycles Starting
606 silly runTopLevelLifecycles Finishing
607 silly install printInstalled
608 warn enoent ENOENT: no such file or directory, open '/mnt/c/Users/PhatKute/Desktop/Web/js-exercises/package.json'
609 warn ts-node@8.4.1 requires a peer of typescript@>=2.0 but none was installed.
610 warn js-exercises No description
611 warn js-exercises No repository field.
612 warn js-exercises No README data
613 warn js-exercises No license field.
614 verbose stack Error: EACCES: permission denied, rename '/mnt/c/Users/PhatKute/Desktop/Web/js-exercises/node_modules/ts-node' -> '/mnt/c/Users/PhatKute/Desktop/Web/js-exercises/node_modules/.ts-node.DELETE'
614 verbose stack     at moveAway (/usr/share/npm/lib/install/action/finalize.js:38:5)
614 verbose stack     at destStatted (/usr/share/npm/lib/install/action/finalize.js:27:7)
614 verbose stack     at FSReqWrap.oncomplete (fs.js:82:15)
614 verbose stack
614 verbose stack Error: EACCES: permission denied, rename '/mnt/c/Users/PhatKute/Desktop/Web/js-exercises/node_modules/ts-node' -> '/mnt/c/Users/PhatKute/Desktop/Web/js-exercises/node_modules/.ts-node.DELETE'
614 verbose stack     at Error (native)
615 verbose cwd /mnt/c/Users/PhatKute/Desktop/Web/js-exercises
616 error Linux 4.4.0-18362-Microsoft
617 error argv "/usr/bin/nodejs" "/usr/bin/npm" "install" "tsconfig-paths"
618 error node v4.2.6
619 error npm  v3.5.2
620 error path /mnt/c/Users/PhatKute/Desktop/Web/js-exercises/node_modules/ts-node
621 error code EACCES
622 error errno -13
623 error syscall rename
624 error Error: EACCES: permission denied, rename '/mnt/c/Users/PhatKute/Desktop/Web/js-exercises/node_modules/ts-node' -> '/mnt/c/Users/PhatKute/Desktop/Web/js-exercises/node_modules/.ts-node.DELETE'
624 error     at moveAway (/usr/share/npm/lib/install/action/finalize.js:38:5)
624 error     at destStatted (/usr/share/npm/lib/install/action/finalize.js:27:7)
624 error     at FSReqWrap.oncomplete (fs.js:82:15)
624 error
624 error Error: EACCES: permission denied, rename '/mnt/c/Users/PhatKute/Desktop/Web/js-exercises/node_modules/ts-node' -> '/mnt/c/Users/PhatKute/Desktop/Web/js-exercises/node_modules/.ts-node.DELETE'
624 error     at Error (native)
624 error  [Error: EACCES: permission denied, rename '/mnt/c/Users/PhatKute/Desktop/Web/js-exercises/node_modules/ts-node' -> '/mnt/c/Users/PhatKute/Desktop/Web/js-exercises/node_modules/.ts-node.DELETE']
625 error Please try running this command again as root/Administrator.
626 verbose exit [ -13, true ]
